TN:
SF:/Users/stephaniecherubin/sites/courses/Front-End-Foundations/javascriptLibraries/index.js
FN:3,(anonymous_0)
FN:9,(anonymous_1)
FN:15,(anonymous_2)
FN:18,(anonymous_3)
FN:30,(anonymous_4)
FN:32,(anonymous_5)
FN:48,(anonymous_6)
FN:51,(anonymous_7)
FNF:8
FNH:8
FNDA:13,(anonymous_0)
FNDA:1,(anonymous_1)
FNDA:1,(anonymous_2)
FNDA:3,(anonymous_3)
FNDA:2,(anonymous_4)
FNDA:22,(anonymous_5)
FNDA:1,(anonymous_6)
FNDA:9,(anonymous_7)
DA:3,1
DA:4,13
DA:5,1
DA:9,1
DA:10,1
DA:15,1
DA:16,1
DA:17,1
DA:18,1
DA:19,3
DA:20,3
DA:22,1
DA:25,1
DA:30,1
DA:31,2
DA:32,2
DA:33,22
DA:34,10
DA:36,12
DA:39,1
DA:40,1
DA:48,1
DA:49,1
DA:50,1
DA:51,1
DA:52,9
DA:53,9
DA:56,1
DA:57,1
DA:60,1
DA:65,1
DA:66,1
DA:67,1
DA:74,1
DA:76,1
DA:78,1
LF:36
LH:36
BRDA:33,0,0,10
BRDA:33,0,1,12
BRF:2
BRH:2
end_of_record
