TN:
SF:/Users/stephaniecherubin/sites/courses/Front-End-Foundations/javascriptLibraries/index.js
FN:3,(anonymous_0)
FN:9,(anonymous_1)
FN:15,(anonymous_2)
FN:18,(anonymous_3)
FN:30,(anonymous_4)
FN:32,(anonymous_5)
FN:48,(anonymous_6)
FN:51,(anonymous_7)
FN:65,(anonymous_8)
FN:76,(anonymous_9)
FN:90,(anonymous_10)
FN:90,(anonymous_11)
FNF:12
FNH:12
FNDA:4,(anonymous_0)
FNDA:1,(anonymous_1)
FNDA:1,(anonymous_2)
FNDA:3,(anonymous_3)
FNDA:1,(anonymous_4)
FNDA:11,(anonymous_5)
FNDA:1,(anonymous_6)
FNDA:13,(anonymous_7)
FNDA:1,(anonymous_8)
FNDA:1,(anonymous_9)
FNDA:1,(anonymous_10)
FNDA:7,(anonymous_11)
DA:3,1
DA:4,4
DA:5,1
DA:9,1
DA:10,1
DA:15,1
DA:16,1
DA:17,1
DA:18,1
DA:19,3
DA:20,3
DA:22,1
DA:25,1
DA:30,1
DA:31,1
DA:32,1
DA:33,11
DA:34,5
DA:36,6
DA:40,1
DA:48,1
DA:49,1
DA:50,1
DA:51,1
DA:52,13
DA:55,1
DA:56,1
DA:59,1
DA:65,1
DA:67,1
DA:76,1
DA:77,1
DA:90,1
DA:91,7
DA:95,1
LF:35
LH:35
BRDA:33,0,0,5
BRDA:33,0,1,6
BRDA:91,1,0,1
BRDA:91,1,1,6
BRF:4
BRH:4
end_of_record
